<?xml version="1.0" encoding="UTF-8"?>
<!-- Generated by org.testng.reporters.JUnitXMLReporter -->
<testsuite hostname="DESKTOP-G73P78Q" name="perigonInfotech" tests="7" failures="0" timestamp="23 Feb 2017 02:01:28 GMT" time="0.07" errors="0">
  <testcase name="acceptUp" time="0.001" classname="com.testng.practise.Testng_practise"/>
  <testcase name="firstUp" time="0.0" classname="com.testng.practise.Testng_practise"/>
  <testcase name="q1" time="0.0" classname="com.testng.practise.Testng_practise"/>
  <testcase name="q2" time="0.0" classname="com.testng.practise.Testng_practise"/>
  <testcase name="q3" time="0.0" classname="com.testng.practise.Testng_practise"/>
  <testcase name="secondUp" time="0.0" classname="com.testng.practise.Testng_practise"/>
  <testcase name="thirdUp" time="0.0" classname="com.testng.practise.Testng_practise"/>
</testsuite> <!-- perigonInfotech -->
